<?xml version="1.0" encoding="UTF-8"?>
<!-- Generated by org.testng.reporters.JUnitReportReporter -->
<testsuite hostname="IN-PG02P4VN" failures="0" tests="2" name="BaseTest.Test3_GroceryPageTest" time="39.997" errors="0" timestamp="2023-01-09T20:42:19 IST" skipped="0">
  <testcase classname="BaseTest.Test3_GroceryPageTest" name="Grocery" time="28.951"/>
  <system-out/>
  <testcase classname="BaseTest.Test3_GroceryPageTest" name="Cart" time="11.046"/>
  <system-out/>
</testsuite> <!-- BaseTest.Test3_GroceryPageTest -->
