<?xml version="1.0" encoding="UTF-8"?>
<!-- Generated by org.testng.reporters.JUnitReportReporter -->
<testsuite hostname="IN-PG02P4VN" failures="0" tests="2" name="BaseTest.Test5_NavigatorTest" time="4.187" errors="0" timestamp="2023-01-09T20:42:19 IST" skipped="1">
  <testcase classname="BaseTest.Test5_NavigatorTest" name="Rightnavigate" time="1.059">
    <skipped/>
  </testcase> <!-- Rightnavigate -->
  <system-out/>
  <testcase classname="BaseTest.Test5_NavigatorTest" name="leftNavigate" time="3.128"/>
  <system-out/>
</testsuite> <!-- BaseTest.Test5_NavigatorTest -->
