<?xml version="1.0" encoding="UTF-8"?>
<!-- Generated by org.testng.reporters.JUnitReportReporter -->
<testsuite hostname="IN-PG02P4VN" failures="0" tests="3" name="BaseTest.Test2_HomePageTest" time="53.172" errors="0" timestamp="2023-01-09T20:42:19 IST" skipped="1">
  <testcase classname="BaseTest.Test2_HomePageTest" name="LoginTest" time="16.617"/>
  <system-out/>
  <testcase classname="BaseTest.Test2_HomePageTest" name="searchMobile" time="35.604"/>
  <system-out/>
  <testcase classname="BaseTest.Test2_HomePageTest" name="compareProduct" time="0.951">
    <skipped/>
  </testcase> <!-- compareProduct -->
  <system-out/>
</testsuite> <!-- BaseTest.Test2_HomePageTest -->
