<?xml version="1.0" encoding="UTF-8"?>
<!-- Generated by org.testng.reporters.JUnitReportReporter -->
<testsuite hostname="IN-PG02P4VN" failures="0" tests="2" name="BaseTest.Test7_ExplorePlusePageTest" time="18.566" errors="0" timestamp="2023-01-09T20:42:19 IST" skipped="1">
  <testcase classname="BaseTest.Test7_ExplorePlusePageTest" name="ExplorePlus" time="1.208">
    <skipped/>
  </testcase> <!-- ExplorePlus -->
  <system-out/>
  <testcase classname="BaseTest.Test7_ExplorePlusePageTest" name="ExplorePlus1" time="17.358"/>
  <system-out/>
</testsuite> <!-- BaseTest.Test7_ExplorePlusePageTest -->
