<?xml version="1.0" encoding="UTF-8"?>
<!-- Generated by org.testng.reporters.JUnitReportReporter -->
<testsuite hostname="IN-PG02P4VN" failures="0" tests="4" name="BaseTest.Test6_FooterPageTest" time="131.725" errors="0" timestamp="2023-01-09T20:42:19 IST" skipped="1">
  <testcase classname="BaseTest.Test6_FooterPageTest" name="SocialTest" time="58.717"/>
  <system-out/>
  <testcase classname="BaseTest.Test6_FooterPageTest" name="FaQTest" time="1.107">
    <skipped/>
  </testcase> <!-- FaQTest -->
  <system-out/>
  <testcase classname="BaseTest.Test6_FooterPageTest" name="cancel" time="27.071"/>
  <system-out/>
  <testcase classname="BaseTest.Test6_FooterPageTest" name="giftCard" time="44.830"/>
  <system-out/>
</testsuite> <!-- BaseTest.Test6_FooterPageTest -->
