<?xml version="1.0" encoding="UTF-8"?>
<!-- Generated by org.testng.reporters.JUnitReportReporter -->
<testsuite hostname="IN-PG02P4VN" failures="0" tests="2" name="BaseTest.Test1_VerifyTitlePage" time="36.476" errors="0" timestamp="2023-01-09T20:42:19 IST" skipped="0">
  <testcase classname="BaseTest.Test1_VerifyTitlePage" name="verifyTitle" time="6.243"/>
  <system-out/>
  <testcase classname="BaseTest.Test1_VerifyTitlePage" name="verifyLogo" time="30.233"/>
  <system-out/>
</testsuite> <!-- BaseTest.Test1_VerifyTitlePage -->
