<?xml version="1.0" encoding="UTF-8"?>
<!-- Generated by org.testng.reporters.JUnitReportReporter -->
<testsuite hostname="IN-PG02P4VN" failures="0" tests="7" name="BaseTest.Test4_HeadersPageTest" time="106.937" errors="0" timestamp="2023-01-09T20:42:19 IST" skipped="0">
  <testcase classname="BaseTest.Test4_HeadersPageTest" name="headersTest" time="6.603"/>
  <system-out/>
  <testcase classname="BaseTest.Test4_HeadersPageTest" name="electronic" time="11.528"/>
  <system-out/>
  <testcase classname="BaseTest.Test4_HeadersPageTest" name="offer" time="11.245"/>
  <system-out/>
  <testcase classname="BaseTest.Test4_HeadersPageTest" name="beauty" time="11.831"/>
  <system-out/>
  <testcase classname="BaseTest.Test4_HeadersPageTest" name="Test_searchFlight" time="25.639"/>
  <system-out/>
  <testcase classname="BaseTest.Test4_HeadersPageTest" name="TwoWhellers" time="11.341"/>
  <system-out/>
  <testcase classname="BaseTest.Test4_HeadersPageTest" name="BecameSeller" time="28.750"/>
  <system-out/>
</testsuite> <!-- BaseTest.Test4_HeadersPageTest -->
