<?xml version="1.0" encoding="UTF-8"?>
<!-- Generated by org.testng.reporters.JUnitReportReporter -->
<testsuite hostname="IN-PG02P4VN" failures="0" tests="3" name="BaseTest.HomePageTest" time="55.097" errors="0" timestamp="2023-01-09T20:17:09 IST" skipped="1">
  <testcase classname="BaseTest.HomePageTest" name="LoginTest" time="16.830"/>
  <system-out/>
  <testcase classname="BaseTest.HomePageTest" name="searchMobile" time="36.630"/>
  <system-out/>
  <testcase classname="BaseTest.HomePageTest" name="compareProduct" time="1.637">
    <skipped/>
  </testcase> <!-- compareProduct -->
  <system-out/>
</testsuite> <!-- BaseTest.HomePageTest -->
