<?xml version="1.0" encoding="UTF-8"?>
<!-- Generated by org.testng.reporters.JUnitReportReporter -->
<testsuite hostname="IN-PG02P4VN" failures="0" tests="7" name="BaseTest.HeadersPageTest" time="117.721" errors="0" timestamp="2023-01-09T20:17:09 IST" skipped="0">
  <testcase classname="BaseTest.HeadersPageTest" name="headersTest" time="7.344"/>
  <system-out/>
  <testcase classname="BaseTest.HeadersPageTest" name="electronic" time="14.354"/>
  <system-out/>
  <testcase classname="BaseTest.HeadersPageTest" name="offer" time="11.549"/>
  <system-out/>
  <testcase classname="BaseTest.HeadersPageTest" name="beauty" time="12.736"/>
  <system-out/>
  <testcase classname="BaseTest.HeadersPageTest" name="TwoWhellers" time="12.184"/>
  <system-out/>
  <testcase classname="BaseTest.HeadersPageTest" name="Test_searchFlight" time="28.622"/>
  <system-out/>
  <testcase classname="BaseTest.HeadersPageTest" name="BecameSeller" time="30.932"/>
  <system-out/>
</testsuite> <!-- BaseTest.HeadersPageTest -->
