<?xml version="1.0" encoding="UTF-8"?>
<!-- Generated by org.testng.reporters.JUnitReportReporter -->
<testsuite hostname="IN-PG02P4VN" failures="0" tests="2" name="BaseTest.ExplorePlusePageTest" time="18.946" errors="0" timestamp="2023-01-09T20:17:09 IST" skipped="1">
  <testcase classname="BaseTest.ExplorePlusePageTest" name="ExplorePlus" time="1.391">
    <skipped/>
  </testcase> <!-- ExplorePlus -->
  <system-out/>
  <testcase classname="BaseTest.ExplorePlusePageTest" name="ExplorePlus1" time="17.555"/>
  <system-out/>
</testsuite> <!-- BaseTest.ExplorePlusePageTest -->
